<?xml version="1.0" encoding="UTF-8"?>
<!-- Generated by org.testng.reporters.JUnitReportReporter -->
<testsuite skipped="0" hostname="Hemal" name="com.form.jotform.AppTest" tests="1" failures="0" timestamp="24 Dec 2021 16:45:23 GMT" time="0.015" errors="0">
  <testcase name="shouldAnswerWithTrue" time="0.015" classname="com.form.jotform.AppTest"/>
</testsuite> <!-- com.form.jotform.AppTest -->
